<?xml version="1.0" encoding="UTF-8"?>
<!-- Generated by org.testng.reporters.JUnitReportReporter -->
<testsuite skipped="0" hostname="DESKTOP-HULQI6A" name="bdd.cucumberrunner" tests="1" failures="0" timestamp="2021-09-12T11:52:10 IST" time="40.959" errors="0">
  <testcase name="feature" time="40.959" classname="bdd.cucumberrunner"/>
  <system-out/>
</testsuite> <!-- bdd.cucumberrunner -->
