<?xml version="1.0" encoding="UTF-8"?>
<!-- Generated by org.testng.reporters.JUnitReportReporter -->
<testsuite skipped="0" hostname="DESKTOP-HULQI6A" name="runner.runner1" tests="1" failures="0" timestamp="2021-09-09T17:46:45 IST" time="23.281" errors="0">
  <testcase name="home" time="23.281" classname="runner.runner1"/>
  <system-out/>
</testsuite> <!-- runner.runner1 -->
